
7월 21, 2023 09:42:47.45 NEW SESSION
7월 21, 2023 09:42:47.45 [6580:8788:0721/094247.451:ERROR:feature_processor_state.cc(39)] Processing error occured: model WebAppInstallationPromo failed with UkmEngineDisabled, message: 
7월 21, 2023 09:42:47.45 [6580:8788:0721/094247.454:ERROR:feature_processor_state.cc(39)] Processing error occured: model WebAppInstallationPromo failed with UkmEngineDisabled, message: 
7월 21, 2023 11:20:27.01 [6484:5856:0721/112027.018:ERROR:feature_processor_state.cc(39)] Processing error occured: model WebAppInstallationPromo failed with UkmEngineDisabled, message: 
7월 21, 2023 11:20:27.02 [6484:5856:0721/112027.022:ERROR:feature_processor_state.cc(39)] Processing error occured: model WebAppInstallationPromo failed with UkmEngineDisabled, message: 
7월 21, 2023 11:52:09.12 [6484:5856:0721/115209.123:ERROR:interface_endpoint_client.cc(697)] Message 5 rejected by interface blink.mojom.WidgetHost
7월 21, 2023 11:52:13.03 [6484:5856:0721/115213.034:ERROR:interface_endpoint_client.cc(697)] Message 5 rejected by interface blink.mojom.WidgetHost

7월 31, 2023 10:57:09.96 NEW SESSION
7월 31, 2023 10:57:09.96 [9620:9564:0731/105709.963:ERROR:feature_processor_state.cc(39)] Processing error occured: model WebAppInstallationPromo failed with UkmEngineDisabled, message: 
7월 31, 2023 10:57:09.96 [9620:9564:0731/105709.965:ERROR:feature_processor_state.cc(39)] Processing error occured: model WebAppInstallationPromo failed with UkmEngineDisabled, message: 
7월 31, 2023 10:57:09.96 INFO: Created TensorFlow Lite XNNPACK delegate for CPU.
7월 31, 2023 12:14:16.67 [9620:9564:0731/121416.673:ERROR:interface_endpoint_client.cc(702)] Message 0 rejected by interface blink.mojom.WidgetHost
7월 31, 2023 14:23:00.28 [9620:9564:0731/142300.287:ERROR:interface_endpoint_client.cc(702)] Message 0 rejected by interface blink.mojom.WidgetHost
7월 31, 2023 14:25:23.21 [9620:9564:0731/142523.210:ERROR:interface_endpoint_client.cc(702)] Message 5 rejected by interface blink.mojom.WidgetHost

8월 01, 2023 10:19:53.23 NEW SESSION
8월 01, 2023 10:19:53.23 [13184:6288:0801/101953.231:ERROR:feature_processor_state.cc(39)] Processing error occured: model WebAppInstallationPromo failed with UkmEngineDisabled, message: 
8월 01, 2023 10:19:53.24 INFO: Created TensorFlow Lite XNNPACK delegate for CPU.
8월 01, 2023 10:19:53.24 [13184:6288:0801/101953.242:ERROR:feature_processor_state.cc(39)] Processing error occured: model WebAppInstallationPromo failed with UkmEngineDisabled, message: 
8월 01, 2023 15:32:18.76 [13184:6288:0801/153218.764:ERROR:device_event_log_impl.cc(222)] [15:32:18.764] USB: usb_service_win.cc:104 SetupDiGetDeviceProperty({{A45C254E-DF1C-4EFD-8020-67D146A850E0}, 6}) failed: 요소가 없습니다. (0x490)

8월 02, 2023 09:17:08.44 NEW SESSION
8월 02, 2023 09:17:08.44 [12272:8560:0802/091708.448:ERROR:feature_processor_state.cc(39)] Processing error occured: model WebAppInstallationPromo failed with UkmEngineDisabled, message: 
8월 02, 2023 09:17:08.45 [12272:8560:0802/091708.452:ERROR:feature_processor_state.cc(39)] Processing error occured: model WebAppInstallationPromo failed with UkmEngineDisabled, message: 
8월 02, 2023 09:17:08.45 INFO: Created TensorFlow Lite XNNPACK delegate for CPU.

9월 15, 2023 20:15:48.83 NEW SESSION
9월 15, 2023 20:15:48.83 INFO: Created TensorFlow Lite XNNPACK delegate for CPU.
